{"/Users/mitch/nodejs/games/maze/grid-core/dist/grid-core.js":{"path":"/Users/mitch/nodejs/games/maze/grid-core/dist/grid-core.js","s":{"1":1,"2":1,"3":1,"4":0,"5":0,"6":0,"7":0,"8":0,"9":0,"10":0,"11":0,"12":0,"13":0,"14":0,"15":1,"16":1,"17":1,"18":2,"19":1,"20":0,"21":0,"22":0,"23":0,"24":0,"25":0,"26":0,"27":1,"28":1,"29":0,"30":0,"31":2,"32":1,"33":1,"34":1,"35":1,"36":1,"37":9,"38":9,"39":9,"40":9,"41":9,"42":9,"43":0,"44":9,"45":9,"46":1,"47":1,"48":23,"49":0,"50":23,"51":3,"52":3,"53":8,"54":0,"55":8,"56":8,"57":2,"58":0,"59":2,"60":2,"61":15,"62":15,"63":1,"64":1,"65":1,"66":1,"67":5,"68":5,"69":1,"70":1},"b":{"1":[1,0],"2":[1,1],"3":[0,0],"4":[0,0],"5":[0,0],"6":[0,0],"7":[0,0],"8":[0,0],"9":[1,1],"10":[0,1],"11":[0,0],"12":[0,0],"13":[0,0],"14":[0,0],"15":[0,0],"16":[1,1],"17":[9,1],"18":[9,2],"19":[0,9],"20":[0,23],"21":[23,23],"22":[3,3,3,3],"23":[0,8],"24":[8,8],"25":[0,2]},"f":{"1":1,"2":1,"3":1,"4":2,"5":0,"6":1,"7":9,"8":1,"9":23,"10":3,"11":8,"12":2,"13":2,"14":1},"fnMap":{"1":{"name":"(anonymous_1)","line":1,"loc":{"start":{"line":1,"column":1},"end":{"line":1,"column":12}}},"2":{"name":"(anonymous_2)","line":1,"loc":{"start":{"line":1,"column":360},"end":{"line":1,"column":370}}},"3":{"name":"e","line":1,"loc":{"start":{"line":1,"column":405},"end":{"line":1,"column":422}}},"4":{"name":"s","line":1,"loc":{"start":{"line":1,"column":423},"end":{"line":1,"column":438}}},"5":{"name":"(anonymous_5)","line":1,"loc":{"start":{"line":1,"column":672},"end":{"line":1,"column":683}}},"6":{"name":"(anonymous_6)","line":1,"loc":{"start":{"line":1,"column":851},"end":{"line":1,"column":883}}},"7":{"name":"(anonymous_7)","line":12,"loc":{"start":{"line":12,"column":24},"end":{"line":12,"column":40}}},"8":{"name":"log","line":36,"loc":{"start":{"line":36,"column":13},"end":{"line":36,"column":28}}},"9":{"name":"rowSize","line":40,"loc":{"start":{"line":40,"column":17},"end":{"line":40,"column":39}}},"10":{"name":"isCell","line":46,"loc":{"start":{"line":46,"column":16},"end":{"line":46,"column":38}}},"11":{"name":"set","line":50,"loc":{"start":{"line":50,"column":13},"end":{"line":50,"column":39}}},"12":{"name":"get","line":57,"loc":{"start":{"line":57,"column":13},"end":{"line":57,"column":32}}},"13":{"name":"fill","line":63,"loc":{"start":{"line":63,"column":14},"end":{"line":63,"column":35}}},"14":{"name":"cloneArray","line":71,"loc":{"start":{"line":71,"column":20},"end":{"line":71,"column":42}}}},"statementMap":{"1":{"start":{"line":1,"column":0},"end":{"line":86,"column":3}},"2":{"start":{"line":1,"column":13},"end":{"line":1,"column":357}},"3":{"start":{"line":1,"column":72},"end":{"line":1,"column":90}},"4":{"start":{"line":1,"column":96},"end":{"line":1,"column":357}},"5":{"start":{"line":1,"column":139},"end":{"line":1,"column":151}},"6":{"start":{"line":1,"column":157},"end":{"line":1,"column":163}},"7":{"start":{"line":1,"column":163},"end":{"line":1,"column":304}},"8":{"start":{"line":1,"column":195},"end":{"line":1,"column":203}},"9":{"start":{"line":1,"column":209},"end":{"line":1,"column":304}},"10":{"start":{"line":1,"column":241},"end":{"line":1,"column":249}},"11":{"start":{"line":1,"column":255},"end":{"line":1,"column":304}},"12":{"start":{"line":1,"column":285},"end":{"line":1,"column":291}},"13":{"start":{"line":1,"column":297},"end":{"line":1,"column":303}},"14":{"start":{"line":1,"column":304},"end":{"line":1,"column":356}},"15":{"start":{"line":1,"column":371},"end":{"line":1,"column":397}},"16":{"start":{"line":1,"column":397},"end":{"line":85,"column":17}},"17":{"start":{"line":1,"column":423},"end":{"line":1,"column":759}},"18":{"start":{"line":1,"column":439},"end":{"line":1,"column":739}},"19":{"start":{"line":1,"column":449},"end":{"line":1,"column":625}},"20":{"start":{"line":1,"column":459},"end":{"line":1,"column":501}},"21":{"start":{"line":1,"column":501},"end":{"line":1,"column":525}},"22":{"start":{"line":1,"column":510},"end":{"line":1,"column":525}},"23":{"start":{"line":1,"column":525},"end":{"line":1,"column":545}},"24":{"start":{"line":1,"column":530},"end":{"line":1,"column":545}},"25":{"start":{"line":1,"column":545},"end":{"line":1,"column":591}},"26":{"start":{"line":1,"column":591},"end":{"line":1,"column":624}},"27":{"start":{"line":1,"column":625},"end":{"line":1,"column":649}},"28":{"start":{"line":1,"column":649},"end":{"line":1,"column":738}},"29":{"start":{"line":1,"column":684},"end":{"line":1,"column":701}},"30":{"start":{"line":1,"column":701},"end":{"line":1,"column":716}},"31":{"start":{"line":1,"column":739},"end":{"line":1,"column":758}},"32":{"start":{"line":1,"column":759},"end":{"line":1,"column":801}},"33":{"start":{"line":1,"column":801},"end":{"line":1,"column":836}},"34":{"start":{"line":1,"column":828},"end":{"line":1,"column":836}},"35":{"start":{"line":1,"column":836},"end":{"line":1,"column":844}},"36":{"start":{"line":12,"column":0},"end":{"line":83,"column":2}},"37":{"start":{"line":14,"column":4},"end":{"line":14,"column":22}},"38":{"start":{"line":16,"column":4},"end":{"line":16,"column":31}},"39":{"start":{"line":18,"column":4},"end":{"line":18,"column":31}},"40":{"start":{"line":20,"column":4},"end":{"line":20,"column":20}},"41":{"start":{"line":21,"column":4},"end":{"line":21,"column":38}},"42":{"start":{"line":22,"column":4},"end":{"line":24,"column":5}},"43":{"start":{"line":23,"column":8},"end":{"line":23,"column":20}},"44":{"start":{"line":26,"column":4},"end":{"line":32,"column":7}},"45":{"start":{"line":34,"column":4},"end":{"line":82,"column":7}},"46":{"start":{"line":37,"column":12},"end":{"line":37,"column":45}},"47":{"start":{"line":38,"column":12},"end":{"line":38,"column":32}},"48":{"start":{"line":41,"column":12},"end":{"line":43,"column":13}},"49":{"start":{"line":42,"column":16},"end":{"line":42,"column":25}},"50":{"start":{"line":44,"column":12},"end":{"line":44,"column":38}},"51":{"start":{"line":47,"column":12},"end":{"line":47,"column":37}},"52":{"start":{"line":48,"column":12},"end":{"line":48,"column":59}},"53":{"start":{"line":53,"column":12},"end":{"line":53,"column":45}},"54":{"start":{"line":53,"column":32},"end":{"line":53,"column":45}},"55":{"start":{"line":54,"column":12},"end":{"line":54,"column":33}},"56":{"start":{"line":55,"column":12},"end":{"line":55,"column":24}},"57":{"start":{"line":58,"column":12},"end":{"line":60,"column":13}},"58":{"start":{"line":59,"column":16},"end":{"line":59,"column":28}},"59":{"start":{"line":61,"column":12},"end":{"line":61,"column":32}},"60":{"start":{"line":64,"column":12},"end":{"line":69,"column":13}},"61":{"start":{"line":65,"column":16},"end":{"line":65,"column":43}},"62":{"start":{"line":66,"column":16},"end":{"line":68,"column":17}},"63":{"start":{"line":67,"column":20},"end":{"line":67,"column":45}},"64":{"start":{"line":72,"column":12},"end":{"line":72,"column":28}},"65":{"start":{"line":73,"column":12},"end":{"line":73,"column":46}},"66":{"start":{"line":74,"column":12},"end":{"line":79,"column":13}},"67":{"start":{"line":75,"column":16},"end":{"line":75,"column":43}},"68":{"start":{"line":76,"column":16},"end":{"line":78,"column":17}},"69":{"start":{"line":77,"column":20},"end":{"line":77,"column":56}},"70":{"start":{"line":80,"column":12},"end":{"line":80,"column":26}}},"branchMap":{"1":{"line":1,"type":"if","locations":[{"start":{"line":1,"column":13},"end":{"line":1,"column":13}},{"start":{"line":1,"column":13},"end":{"line":1,"column":13}}]},"2":{"line":1,"type":"binary-expr","locations":[{"start":{"line":1,"column":16},"end":{"line":1,"column":41}},{"start":{"line":1,"column":43},"end":{"line":1,"column":70}}]},"3":{"line":1,"type":"if","locations":[{"start":{"line":1,"column":96},"end":{"line":1,"column":96}},{"start":{"line":1,"column":96},"end":{"line":1,"column":96}}]},"4":{"line":1,"type":"binary-expr","locations":[{"start":{"line":1,"column":99},"end":{"line":1,"column":125}},{"start":{"line":1,"column":127},"end":{"line":1,"column":137}}]},"5":{"line":1,"type":"if","locations":[{"start":{"line":1,"column":163},"end":{"line":1,"column":163}},{"start":{"line":1,"column":163},"end":{"line":1,"column":163}}]},"6":{"line":1,"type":"if","locations":[{"start":{"line":1,"column":209},"end":{"line":1,"column":209}},{"start":{"line":1,"column":209},"end":{"line":1,"column":209}}]},"7":{"line":1,"type":"if","locations":[{"start":{"line":1,"column":255},"end":{"line":1,"column":255}},{"start":{"line":1,"column":255},"end":{"line":1,"column":255}}]},"8":{"line":1,"type":"binary-expr","locations":[{"start":{"line":1,"column":305},"end":{"line":1,"column":317}},{"start":{"line":1,"column":322},"end":{"line":1,"column":339}}]},"9":{"line":1,"type":"if","locations":[{"start":{"line":1,"column":439},"end":{"line":1,"column":439}},{"start":{"line":1,"column":439},"end":{"line":1,"column":439}}]},"10":{"line":1,"type":"if","locations":[{"start":{"line":1,"column":449},"end":{"line":1,"column":449}},{"start":{"line":1,"column":449},"end":{"line":1,"column":449}}]},"11":{"line":1,"type":"binary-expr","locations":[{"start":{"line":1,"column":465},"end":{"line":1,"column":491}},{"start":{"line":1,"column":493},"end":{"line":1,"column":500}}]},"12":{"line":1,"type":"if","locations":[{"start":{"line":1,"column":501},"end":{"line":1,"column":501}},{"start":{"line":1,"column":501},"end":{"line":1,"column":501}}]},"13":{"line":1,"type":"binary-expr","locations":[{"start":{"line":1,"column":504},"end":{"line":1,"column":506}},{"start":{"line":1,"column":508},"end":{"line":1,"column":509}}]},"14":{"line":1,"type":"if","locations":[{"start":{"line":1,"column":525},"end":{"line":1,"column":525}},{"start":{"line":1,"column":525},"end":{"line":1,"column":525}}]},"15":{"line":1,"type":"cond-expr","locations":[{"start":{"line":1,"column":712},"end":{"line":1,"column":713}},{"start":{"line":1,"column":714},"end":{"line":1,"column":715}}]},"16":{"line":1,"type":"binary-expr","locations":[{"start":{"line":1,"column":765},"end":{"line":1,"column":791}},{"start":{"line":1,"column":793},"end":{"line":1,"column":800}}]},"17":{"line":14,"type":"binary-expr","locations":[{"start":{"line":14,"column":11},"end":{"line":14,"column":15}},{"start":{"line":14,"column":19},"end":{"line":14,"column":21}}]},"18":{"line":16,"type":"binary-expr","locations":[{"start":{"line":16,"column":16},"end":{"line":16,"column":25}},{"start":{"line":16,"column":29},"end":{"line":16,"column":30}}]},"19":{"line":22,"type":"if","locations":[{"start":{"line":22,"column":4},"end":{"line":22,"column":4}},{"start":{"line":22,"column":4},"end":{"line":22,"column":4}}]},"20":{"line":41,"type":"if","locations":[{"start":{"line":41,"column":12},"end":{"line":41,"column":12}},{"start":{"line":41,"column":12},"end":{"line":41,"column":12}}]},"21":{"line":41,"type":"binary-expr","locations":[{"start":{"line":41,"column":16},"end":{"line":41,"column":23}},{"start":{"line":41,"column":27},"end":{"line":41,"column":39}}]},"22":{"line":48,"type":"binary-expr","locations":[{"start":{"line":48,"column":19},"end":{"line":48,"column":25}},{"start":{"line":48,"column":29},"end":{"line":48,"column":38}},{"start":{"line":48,"column":42},"end":{"line":48,"column":48}},{"start":{"line":48,"column":52},"end":{"line":48,"column":58}}]},"23":{"line":53,"type":"if","locations":[{"start":{"line":53,"column":12},"end":{"line":53,"column":12}},{"start":{"line":53,"column":12},"end":{"line":53,"column":12}}]},"24":{"line":53,"type":"binary-expr","locations":[{"start":{"line":53,"column":16},"end":{"line":53,"column":21}},{"start":{"line":53,"column":25},"end":{"line":53,"column":30}}]},"25":{"line":58,"type":"if","locations":[{"start":{"line":58,"column":12},"end":{"line":58,"column":12}},{"start":{"line":58,"column":12},"end":{"line":58,"column":12}}]}}}}