TN:
SF:/Users/mitch/nodejs/games/maze/grid-core/dist/grid-core.js
FN:1,(anonymous_1)
FN:1,(anonymous_2)
FN:1,e
FN:1,s
FN:1,(anonymous_5)
FN:1,(anonymous_6)
FN:12,(anonymous_7)
FN:36,log
FN:40,rowSize
FN:46,isCell
FN:50,set
FN:57,get
FN:63,fill
FN:71,cloneArray
FNF:14
FNH:13
FNDA:1,(anonymous_1)
FNDA:1,(anonymous_2)
FNDA:1,e
FNDA:2,s
FNDA:0,(anonymous_5)
FNDA:1,(anonymous_6)
FNDA:9,(anonymous_7)
FNDA:1,log
FNDA:23,rowSize
FNDA:3,isCell
FNDA:8,set
FNDA:2,get
FNDA:2,fill
FNDA:1,cloneArray
DA:1,2
DA:12,1
DA:14,9
DA:16,9
DA:18,9
DA:20,9
DA:21,9
DA:22,9
DA:23,0
DA:26,9
DA:34,9
DA:37,1
DA:38,1
DA:41,23
DA:42,0
DA:44,23
DA:47,3
DA:48,3
DA:53,8
DA:54,8
DA:55,8
DA:58,2
DA:59,0
DA:61,2
DA:64,2
DA:65,15
DA:66,15
DA:67,1
DA:72,1
DA:73,1
DA:74,1
DA:75,5
DA:76,5
DA:77,1
DA:80,1
LF:35
LH:32
BRDA:1,1,0,1
BRDA:1,1,1,0
BRDA:1,2,0,1
BRDA:1,2,1,1
BRDA:1,3,0,0
BRDA:1,3,1,0
BRDA:1,4,0,0
BRDA:1,4,1,0
BRDA:1,5,0,0
BRDA:1,5,1,0
BRDA:1,6,0,0
BRDA:1,6,1,0
BRDA:1,7,0,0
BRDA:1,7,1,0
BRDA:1,8,0,0
BRDA:1,8,1,0
BRDA:1,9,0,1
BRDA:1,9,1,1
BRDA:1,10,0,0
BRDA:1,10,1,1
BRDA:1,11,0,0
BRDA:1,11,1,0
BRDA:1,12,0,0
BRDA:1,12,1,0
BRDA:1,13,0,0
BRDA:1,13,1,0
BRDA:1,14,0,0
BRDA:1,14,1,0
BRDA:1,15,0,0
BRDA:1,15,1,0
BRDA:1,16,0,1
BRDA:1,16,1,1
BRDA:14,17,0,9
BRDA:14,17,1,1
BRDA:16,18,0,9
BRDA:16,18,1,2
BRDA:22,19,0,0
BRDA:22,19,1,9
BRDA:41,20,0,0
BRDA:41,20,1,23
BRDA:41,21,0,23
BRDA:41,21,1,23
BRDA:48,22,0,3
BRDA:48,22,1,3
BRDA:48,22,2,3
BRDA:48,22,3,3
BRDA:53,23,0,0
BRDA:53,23,1,8
BRDA:53,24,0,8
BRDA:53,24,1,8
BRDA:58,25,0,0
BRDA:58,25,1,2
BRF:52
BRH:24
end_of_record
